<?xml version="1.0" encoding="UTF-8"?>
<testsuite name="wallServiceTest" tests="5" skipped="0" failures="0" errors="0" timestamp="2024-09-24T12:15:49" hostname="HOME-PC" time="0.022">
  <properties/>
  <testcase name="addPost" classname="wallServiceTest" time="0.021"/>
  <testcase name="updatePostFalse" classname="wallServiceTest" time="0.0"/>
  <testcase name="createComment" classname="wallServiceTest" time="0.0"/>
  <testcase name="createCommentException" classname="wallServiceTest" time="0.0"/>
  <testcase name="updatePostTrue" classname="wallServiceTest" time="0.0"/>
  <system-out><![CDATA[]]></system-out>
  <system-err><![CDATA[]]></system-err>
</testsuite>
